{
  "RSpec": {
    "coverage": {
      "/Users/sharonhsu/price-track/app/models/user.rb": [
        1,
        null,
        null,
        1,
        null,
        null,
        1,
        1,
        1,
        null,
        null,
        null,
        null,
        null,
        1,
        0,
        null,
        null
      ],
      "/Users/sharonhsu/price-track/app/helpers/application_helper.rb": [
        1,
        null
      ],
      "/Users/sharonhsu/price-track/app/controllers/application_controller.rb": [
        0,
        0,
        0,
        0,
        0,
        0,
        0,
        0,
        0,
        0,
        0,
        0,
        0
      ]
    },
    "timestamp": 1468549183
  }
}
